<?xml version="1.0" encoding="utf-8"?><testsuites name="pytest tests"><testsuite name="pytest" errors="0" failures="0" skipped="0" tests="36" time="7.647" timestamp="2026-04-24T04:56:41.503964+00:00" hostname="agent-env-4d1d4dc0-6613-43f8-85cb-3a7841901941"><testcase classname="backend.tests.backend_test.TestAuth" name="test_login_admin" time="0.358" /><testcase classname="backend.tests.backend_test.TestAuth" name="test_login_invalid" time="0.274" /><testcase classname="backend.tests.backend_test.TestAuth" name="test_register_new_user" time="0.272" /><testcase classname="backend.tests.backend_test.TestAuth" name="test_me" time="0.321" /><testcase classname="backend.tests.backend_test.TestBot" name="test_status" time="0.048" /><testcase classname="backend.tests.backend_test.TestBot" name="test_start_then_stop" time="0.143" /><testcase classname="backend.tests.backend_test.TestBot" name="test_voice_toggle" time="0.050" /><testcase classname="backend.tests.backend_test.TestBot" name="test_notifications_toggle" time="0.046" /><testcase classname="backend.tests.backend_test.TestStrategies" name="test_create_strategy" time="0.047" /><testcase classname="backend.tests.backend_test.TestStrategies" name="test_list_strategies" time="0.047" /><testcase classname="backend.tests.backend_test.TestStrategies" name="test_signal" time="0.048" /><testcase classname="backend.tests.backend_test.TestStrategies" name="test_delete_strategy" time="0.045" /><testcase classname="backend.tests.backend_test.TestTrading" name="test_preview_when_stopped" time="0.089" /><testcase classname="backend.tests.backend_test.TestTrading" name="test_execute_when_running" time="0.847" /><testcase classname="backend.tests.backend_test.TestRisk" name="test_get_profile" time="0.044" /><testcase classname="backend.tests.backend_test.TestRisk" name="test_put_profile" time="0.046" /><testcase classname="backend.tests.backend_test.TestRisk" name="test_get_protection" time="0.046" /><testcase classname="backend.tests.backend_test.TestRisk" name="test_put_protection" time="0.050" /><testcase classname="backend.tests.backend_test.TestMarket" name="test_tickers" time="0.048" /><testcase classname="backend.tests.backend_test.TestMarket" name="test_indicators" time="0.047" /><testcase classname="backend.tests.backend_test.TestMarket" name="test_opportunities" time="0.044" /><testcase classname="backend.tests.backend_test.TestAI" name="test_sentiment" time="3.052" /><testcase classname="backend.tests.backend_test.TestAnalytics" name="test_analytics" time="0.060" /><testcase classname="backend.tests.backend_test.TestReports" name="test_daily" time="0.051" /><testcase classname="backend.tests.backend_test.TestReports" name="test_weekly" time="0.046" /><testcase classname="backend.tests.backend_test.TestReports" name="test_monthly" time="0.050" /><testcase classname="backend.tests.backend_test.TestReports" name="test_daily_csv" time="0.048" /><testcase classname="backend.tests.backend_test.TestPayments" name="test_plans" time="0.045" /><testcase classname="backend.tests.backend_test.TestPayments" name="test_checkout_stripe" time="0.483" /><testcase classname="backend.tests.backend_test.TestPayments" name="test_checkout_paypal_stub" time="0.046" /><testcase classname="backend.tests.backend_test.TestAppLock" name="test_set_pin" time="0.270" /><testcase classname="backend.tests.backend_test.TestAppLock" name="test_verify_pin" time="0.270" /><testcase classname="backend.tests.backend_test.TestAppLock" name="test_state" time="0.051" /><testcase classname="backend.tests.backend_test.TestAppLock" name="test_disable" time="0.046" /><testcase classname="backend.tests.backend_test.TestNotifications" name="test_list" time="0.045" /><testcase classname="backend.tests.backend_test.TestZLogout" name="test_logout" time="0.044" /></testsuite></testsuites>