<?xml version="1.0" encoding="utf-8"?><testsuites name="pytest tests"><testsuite name="pytest" errors="0" failures="1" skipped="0" tests="42" time="8.807" timestamp="2026-04-24T23:55:10.395519+00:00" hostname="agent-env-4d1d4dc0-6613-43f8-85cb-3a7841901941"><testcase classname="backend.tests.backend_test.TestAuth" name="test_login_admin" time="0.394" /><testcase classname="backend.tests.backend_test.TestAuth" name="test_login_invalid" time="0.272" /><testcase classname="backend.tests.backend_test.TestAuth" name="test_register_new_user" time="0.280" /><testcase classname="backend.tests.backend_test.TestAuth" name="test_me" time="0.324" /><testcase classname="backend.tests.backend_test.TestBot" name="test_status" time="0.049" /><testcase classname="backend.tests.backend_test.TestBot" name="test_start_then_stop" time="0.151" /><testcase classname="backend.tests.backend_test.TestBot" name="test_voice_toggle" time="0.050" /><testcase classname="backend.tests.backend_test.TestBot" name="test_notifications_toggle" time="0.049" /><testcase classname="backend.tests.backend_test.TestStrategies" name="test_create_strategy" time="0.051" /><testcase classname="backend.tests.backend_test.TestStrategies" name="test_list_strategies" time="0.049" /><testcase classname="backend.tests.backend_test.TestStrategies" name="test_signal" time="0.143"><failure message="AssertionError: Internal Server Error&#10;assert 500 in (200, 201)&#10; +  where 500 = &lt;Response [500]&gt;.status_code">E   AssertionError: Internal Server Error
    assert 500 in (200, 201)
     +  where 500 = &lt;Response [500]&gt;.status_code</failure></testcase><testcase classname="backend.tests.backend_test.TestStrategies" name="test_delete_strategy" time="0.057" /><testcase classname="backend.tests.backend_test.TestTrading" name="test_preview_when_stopped" time="0.104" /><testcase classname="backend.tests.backend_test.TestTrading" name="test_execute_when_running" time="0.954" /><testcase classname="backend.tests.backend_test.TestRisk" name="test_get_profile" time="0.058" /><testcase classname="backend.tests.backend_test.TestRisk" name="test_put_profile" time="0.048" /><testcase classname="backend.tests.backend_test.TestRisk" name="test_get_protection" time="0.049" /><testcase classname="backend.tests.backend_test.TestRisk" name="test_put_protection" time="0.064" /><testcase classname="backend.tests.backend_test.TestMarket" name="test_tickers" time="0.117" /><testcase classname="backend.tests.backend_test.TestMarket" name="test_indicators" time="0.118" /><testcase classname="backend.tests.backend_test.TestMarket" name="test_opportunities" time="0.122" /><testcase classname="backend.tests.backend_test.TestAI" name="test_sentiment" time="2.304" /><testcase classname="backend.tests.backend_test.TestAnalytics" name="test_analytics" time="0.049" /><testcase classname="backend.tests.backend_test.TestReports" name="test_daily" time="0.051" /><testcase classname="backend.tests.backend_test.TestReports" name="test_weekly" time="0.054" /><testcase classname="backend.tests.backend_test.TestReports" name="test_monthly" time="0.053" /><testcase classname="backend.tests.backend_test.TestReports" name="test_daily_csv" time="0.052" /><testcase classname="backend.tests.backend_test.TestPayments" name="test_plans" time="0.047" /><testcase classname="backend.tests.backend_test.TestPayments" name="test_checkout_stripe" time="0.564" /><testcase classname="backend.tests.backend_test.TestPayments" name="test_checkout_paypal_stub" time="0.052" /><testcase classname="backend.tests.backend_test.TestAppLock" name="test_set_pin" time="0.272" /><testcase classname="backend.tests.backend_test.TestAppLock" name="test_verify_pin" time="0.269" /><testcase classname="backend.tests.backend_test.TestAppLock" name="test_state" time="0.051" /><testcase classname="backend.tests.backend_test.TestAppLock" name="test_disable" time="0.051" /><testcase classname="backend.tests.backend_test.TestNotifications" name="test_list" time="0.052" /><testcase classname="backend.tests.backend_test.TestExchangeKeys" name="test_get_initial_paper_mode" time="0.104" /><testcase classname="backend.tests.backend_test.TestExchangeKeys" name="test_put_keys_flips_to_live" time="0.099" /><testcase classname="backend.tests.backend_test.TestExchangeKeys" name="test_put_empty_keys_resets_to_paper" time="0.049" /><testcase classname="backend.tests.backend_test.TestExchangeKeys" name="test_get_requires_auth" time="0.269" /><testcase classname="backend.tests.backend_test.TestRiskPartialPut" name="test_partial_put_then_preview_no_500" time="0.669" /><testcase classname="backend.tests.backend_test.TestRiskPartialPut" name="test_partial_put_protection" time="0.055" /><testcase classname="backend.tests.backend_test.TestZLogout" name="test_logout" time="0.053" /></testsuite></testsuites>